<?xml version="1.0" encoding="UTF-8"?>
<!-- Generated by org.testng.reporters.JUnitReportReporter -->
<testsuite hostname="DESKTOP-0JU52NV" failures="0" tests="2" name="Amazon" time="25.808" errors="0" timestamp="2022-04-21T10:32:34 IST" skipped="0">
  <testcase classname="Amazon" name="testNGDemo" time="0.023"/>
  <system-out/>
  <testcase classname="Amazon" name="testNGProgram" time="25.785"/>
  <system-out/>
</testsuite> <!-- Amazon -->
