<?xml version="1.0" encoding="UTF-8"?>
<!-- Generated by org.testng.reporters.JUnitReportReporter -->
<testsuite hostname="DESKTOP-0JU52NV" failures="0" tests="2" name="TestNGAnnotations" time="0.025" errors="0" timestamp="2022-04-22T09:37:57 IST" skipped="0">
  <testcase classname="TestNGAnnotations" name="testMe2" time="0.005"/>
  <system-out/>
  <testcase classname="TestNGAnnotations" name="testMe" time="0.020"/>
  <system-out/>
</testsuite> <!-- TestNGAnnotations -->
